{"contracts/Governor.sol":{"l":{"138":0,"139":0,"140":0,"141":0,"142":0,"143":0,"144":0,"148":0,"149":0,"150":0,"151":0,"153":0,"154":0,"155":0,"156":0,"157":0,"160":0,"161":0,"163":0,"164":0,"180":0,"181":0,"183":0,"184":0,"188":0,"189":0,"190":0,"191":0,"192":0,"194":0,"195":0,"199":0,"200":0,"204":0,"205":0,"206":0,"207":0,"208":0,"210":0,"214":0,"215":0,"217":0,"218":0,"220":0,"221":0,"222":0,"225":0,"229":0,"230":0,"234":0,"238":0,"239":0,"240":0,"241":0,"243":0,"245":0,"247":0,"249":0,"251":0,"253":0,"255":0,"260":0,"264":0,"265":0,"266":0,"267":0,"268":0,"269":0,"273":0,"274":0,"275":0,"276":0,"277":0,"279":0,"280":0,"282":0,"285":0,"286":0,"287":0,"289":0,"293":0,"294":0,"298":0,"299":0,"303":0,"304":0,"305":0,"309":0,"310":0,"311":0,"315":0,"316":0,"320":0,"321":0,"322":0},"path":"/Users/andygray/workspace/fuel-dao/contracts/Governor.sol","s":{"1":0,"2":0,"3":0,"4":0,"5":0,"6":0,"7":0,"8":0,"9":0,"10":0,"11":0,"12":0,"13":0,"14":0,"15":0,"16":0,"17":0,"18":0,"19":0,"20":0,"21":0,"22":0,"23":0,"24":0,"25":0,"26":0,"27":0,"28":0,"29":0,"30":0,"31":0,"32":0,"33":0,"34":0,"35":0,"36":0,"37":0,"38":0,"39":0,"40":0,"41":0,"42":0,"43":0,"44":0,"45":0,"46":0,"47":0,"48":0,"49":0,"50":0,"51":0,"52":0,"53":0,"54":0,"55":0,"56":0,"57":0,"58":0,"59":0,"60":0,"61":0,"62":0,"63":0,"64":0,"65":0,"66":0,"67":0,"68":0,"69":0,"70":0,"71":0,"72":0,"73":0,"74":0,"75":0,"76":0,"77":0,"78":0,"79":0,"80":0,"81":0,"82":0,"83":0,"84":0,"85":0,"86":0,"87":0,"88":0,"89":0,"90":0,"91":0,"92":0,"93":0,"94":0,"95":0,"96":0,"97":0,"98":0,"99":0},"b":{"1":[0,0],"2":[0,0],"3":[0,0],"4":[0,0],"5":[0,0],"6":[0,0],"7":[0,0],"8":[0,0],"9":[0,0],"10":[0,0],"11":[0,0],"12":[0,0],"13":[0,0],"14":[0,0],"15":[0,0],"16":[0,0],"17":[0,0],"18":[0,0],"19":[0,0],"20":[0,0],"21":[0,0],"22":[0,0],"23":[0,0],"24":[0,0],"25":[0,0],"26":[0,0],"27":[0,0],"28":[0,0],"29":[0,0],"30":[0,0]},"f":{"1":0,"2":0,"3":0,"4":0,"5":0,"6":0,"7":0,"8":0,"9":0,"10":0,"11":0,"12":0,"13":0,"14":0,"15":0,"16":0,"17":0,"18":0},"fnMap":{"1":{"name":"constructor","line":137,"loc":{"start":{"line":137,"column":4},"end":{"line":145,"column":4}}},"2":{"name":"propose","line":147,"loc":{"start":{"line":147,"column":4},"end":{"line":185,"column":4}}},"3":{"name":"queue","line":187,"loc":{"start":{"line":187,"column":4},"end":{"line":196,"column":4}}},"4":{"name":"_queueOrRevert","line":198,"loc":{"start":{"line":198,"column":4},"end":{"line":201,"column":4}}},"5":{"name":"execute","line":203,"loc":{"start":{"line":203,"column":4},"end":{"line":211,"column":4}}},"6":{"name":"cancel","line":213,"loc":{"start":{"line":213,"column":4},"end":{"line":226,"column":4}}},"7":{"name":"getActions","line":228,"loc":{"start":{"line":228,"column":4},"end":{"line":231,"column":4}}},"8":{"name":"getReceipt","line":233,"loc":{"start":{"line":233,"column":4},"end":{"line":235,"column":4}}},"9":{"name":"state","line":237,"loc":{"start":{"line":237,"column":4},"end":{"line":257,"column":4}}},"10":{"name":"castVote","line":259,"loc":{"start":{"line":259,"column":4},"end":{"line":261,"column":4}}},"11":{"name":"castVoteBySig","line":263,"loc":{"start":{"line":263,"column":4},"end":{"line":270,"column":4}}},"12":{"name":"_castVote","line":272,"loc":{"start":{"line":272,"column":4},"end":{"line":290,"column":4}}},"13":{"name":"__acceptAdmin","line":292,"loc":{"start":{"line":292,"column":4},"end":{"line":295,"column":4}}},"14":{"name":"__abdicate","line":297,"loc":{"start":{"line":297,"column":4},"end":{"line":300,"column":4}}},"15":{"name":"__moveGuardianship","line":302,"loc":{"start":{"line":302,"column":4},"end":{"line":306,"column":4}}},"16":{"name":"add256","line":308,"loc":{"start":{"line":308,"column":4},"end":{"line":312,"column":4}}},"17":{"name":"sub256","line":314,"loc":{"start":{"line":314,"column":4},"end":{"line":317,"column":4}}},"18":{"name":"getChainId","line":319,"loc":{"start":{"line":319,"column":4},"end":{"line":323,"column":4}}}},"statementMap":{"1":{"start":{"line":138,"column":8},"end":{"line":138,"column":46}},"2":{"start":{"line":139,"column":8},"end":{"line":139,"column":39}},"3":{"start":{"line":140,"column":8},"end":{"line":140,"column":27}},"4":{"start":{"line":141,"column":8},"end":{"line":141,"column":33}},"5":{"start":{"line":142,"column":8},"end":{"line":142,"column":45}},"6":{"start":{"line":143,"column":8},"end":{"line":143,"column":41}},"7":{"start":{"line":144,"column":8},"end":{"line":144,"column":39}},"8":{"start":{"line":148,"column":8},"end":{"line":148,"column":153}},"9":{"start":{"line":149,"column":8},"end":{"line":149,"column":191}},"10":{"start":{"line":150,"column":8},"end":{"line":150,"column":78}},"11":{"start":{"line":151,"column":8},"end":{"line":151,"column":94}},"12":{"start":{"line":153,"column":8},"end":{"line":153,"column":61}},"13":{"start":{"line":154,"column":8},"end":{"line":154,"column":7287}},"14":{"start":{"line":155,"column":10},"end":{"line":155,"column":78}},"15":{"start":{"line":156,"column":10},"end":{"line":156,"column":157}},"16":{"start":{"line":157,"column":10},"end":{"line":157,"column":159}},"17":{"start":{"line":160,"column":8},"end":{"line":160,"column":59}},"18":{"start":{"line":161,"column":8},"end":{"line":161,"column":56}},"19":{"start":{"line":164,"column":8},"end":{"line":164,"column":7884}},"20":{"start":{"line":180,"column":8},"end":{"line":180,"column":46}},"21":{"start":{"line":181,"column":8},"end":{"line":181,"column":63}},"22":{"start":{"line":183,"column":8},"end":{"line":183,"column":131}},"23":{"start":{"line":184,"column":8},"end":{"line":184,"column":29}},"24":{"start":{"line":188,"column":8},"end":{"line":188,"column":127}},"25":{"start":{"line":189,"column":8},"end":{"line":189,"column":57}},"26":{"start":{"line":190,"column":8},"end":{"line":190,"column":60}},"27":{"start":{"line":191,"column":8},"end":{"line":191,"column":8919}},"28":{"start":{"line":192,"column":12},"end":{"line":192,"column":118}},"29":{"start":{"line":194,"column":8},"end":{"line":194,"column":25}},"30":{"start":{"line":195,"column":8},"end":{"line":195,"column":44}},"31":{"start":{"line":199,"column":8},"end":{"line":199,"column":171}},"32":{"start":{"line":200,"column":8},"end":{"line":200,"column":69}},"33":{"start":{"line":204,"column":8},"end":{"line":204,"column":125}},"34":{"start":{"line":205,"column":8},"end":{"line":205,"column":57}},"35":{"start":{"line":206,"column":8},"end":{"line":206,"column":31}},"36":{"start":{"line":207,"column":8},"end":{"line":207,"column":9842}},"37":{"start":{"line":208,"column":12},"end":{"line":208,"column":64}},"38":{"start":{"line":210,"column":8},"end":{"line":210,"column":41}},"39":{"start":{"line":214,"column":8},"end":{"line":214,"column":47}},"40":{"start":{"line":215,"column":8},"end":{"line":215,"column":100}},"41":{"start":{"line":217,"column":8},"end":{"line":217,"column":57}},"42":{"start":{"line":218,"column":8},"end":{"line":218,"column":170}},"43":{"start":{"line":220,"column":8},"end":{"line":220,"column":31}},"44":{"start":{"line":221,"column":8},"end":{"line":221,"column":10598}},"45":{"start":{"line":222,"column":12},"end":{"line":222,"column":139}},"46":{"start":{"line":225,"column":8},"end":{"line":225,"column":41}},"47":{"start":{"line":229,"column":8},"end":{"line":229,"column":50}},"48":{"start":{"line":230,"column":8},"end":{"line":230,"column":63}},"49":{"start":{"line":234,"column":8},"end":{"line":234,"column":52}},"50":{"start":{"line":238,"column":8},"end":{"line":238,"column":101}},"51":{"start":{"line":239,"column":8},"end":{"line":239,"column":57}},"52":{"start":{"line":240,"column":8},"end":{"line":240,"column":11545}},"53":{"start":{"line":241,"column":12},"end":{"line":241,"column":41}},"54":{"start":{"line":242,"column":15},"end":{"line":242,"column":11628}},"55":{"start":{"line":243,"column":12},"end":{"line":243,"column":40}},"56":{"start":{"line":244,"column":15},"end":{"line":244,"column":11728}},"57":{"start":{"line":245,"column":12},"end":{"line":245,"column":39}},"58":{"start":{"line":246,"column":15},"end":{"line":246,"column":11825}},"59":{"start":{"line":247,"column":12},"end":{"line":247,"column":41}},"60":{"start":{"line":248,"column":15},"end":{"line":248,"column":11968}},"61":{"start":{"line":249,"column":12},"end":{"line":249,"column":42}},"62":{"start":{"line":250,"column":15},"end":{"line":250,"column":12052}},"63":{"start":{"line":251,"column":12},"end":{"line":251,"column":41}},"64":{"start":{"line":252,"column":15},"end":{"line":252,"column":12135}},"65":{"start":{"line":253,"column":12},"end":{"line":253,"column":40}},"66":{"start":{"line":255,"column":12},"end":{"line":255,"column":39}},"67":{"start":{"line":260,"column":8},"end":{"line":260,"column":57}},"68":{"start":{"line":264,"column":8},"end":{"line":264,"column":125}},"69":{"start":{"line":265,"column":8},"end":{"line":265,"column":88}},"70":{"start":{"line":266,"column":8},"end":{"line":266,"column":93}},"71":{"start":{"line":267,"column":8},"end":{"line":267,"column":54}},"72":{"start":{"line":268,"column":8},"end":{"line":268,"column":85}},"73":{"start":{"line":269,"column":8},"end":{"line":269,"column":56}},"74":{"start":{"line":273,"column":8},"end":{"line":273,"column":98}},"75":{"start":{"line":274,"column":8},"end":{"line":274,"column":57}},"76":{"start":{"line":275,"column":8},"end":{"line":275,"column":58}},"77":{"start":{"line":276,"column":8},"end":{"line":276,"column":85}},"78":{"start":{"line":277,"column":8},"end":{"line":277,"column":69}},"79":{"start":{"line":279,"column":8},"end":{"line":279,"column":13538}},"80":{"start":{"line":280,"column":12},"end":{"line":280,"column":63}},"81":{"start":{"line":282,"column":12},"end":{"line":282,"column":71}},"82":{"start":{"line":285,"column":8},"end":{"line":285,"column":30}},"83":{"start":{"line":286,"column":8},"end":{"line":286,"column":32}},"84":{"start":{"line":287,"column":8},"end":{"line":287,"column":28}},"85":{"start":{"line":289,"column":8},"end":{"line":289,"column":56}},"86":{"start":{"line":293,"column":8},"end":{"line":293,"column":94}},"87":{"start":{"line":294,"column":8},"end":{"line":294,"column":29}},"88":{"start":{"line":298,"column":8},"end":{"line":298,"column":91}},"89":{"start":{"line":299,"column":8},"end":{"line":299,"column":28}},"90":{"start":{"line":303,"column":8},"end":{"line":303,"column":99}},"91":{"start":{"line":304,"column":8},"end":{"line":304,"column":108}},"92":{"start":{"line":305,"column":8},"end":{"line":305,"column":27}},"93":{"start":{"line":309,"column":8},"end":{"line":309,"column":22}},"94":{"start":{"line":310,"column":8},"end":{"line":310,"column":43}},"95":{"start":{"line":311,"column":8},"end":{"line":311,"column":16}},"96":{"start":{"line":315,"column":8},"end":{"line":315,"column":47}},"97":{"start":{"line":316,"column":8},"end":{"line":316,"column":20}},"98":{"start":{"line":320,"column":8},"end":{"line":320,"column":20}},"99":{"start":{"line":322,"column":8},"end":{"line":322,"column":22}}},"branchMap":{"1":{"line":148,"type":"if","locations":[{"start":{"line":148,"column":8},"end":{"line":148,"column":8}},{"start":{"line":148,"column":8},"end":{"line":148,"column":8}}]},"2":{"line":149,"type":"if","locations":[{"start":{"line":149,"column":8},"end":{"line":149,"column":8}},{"start":{"line":149,"column":8},"end":{"line":149,"column":8}}]},"3":{"line":150,"type":"if","locations":[{"start":{"line":150,"column":8},"end":{"line":150,"column":8}},{"start":{"line":150,"column":8},"end":{"line":150,"column":8}}]},"4":{"line":151,"type":"if","locations":[{"start":{"line":151,"column":8},"end":{"line":151,"column":8}},{"start":{"line":151,"column":8},"end":{"line":151,"column":8}}]},"5":{"line":154,"type":"if","locations":[{"start":{"line":154,"column":8},"end":{"line":154,"column":8}},{"start":{"line":154,"column":8},"end":{"line":154,"column":8}}]},"6":{"line":156,"type":"if","locations":[{"start":{"line":156,"column":10},"end":{"line":156,"column":10}},{"start":{"line":156,"column":10},"end":{"line":156,"column":10}}]},"7":{"line":157,"type":"if","locations":[{"start":{"line":157,"column":10},"end":{"line":157,"column":10}},{"start":{"line":157,"column":10},"end":{"line":157,"column":10}}]},"8":{"line":188,"type":"if","locations":[{"start":{"line":188,"column":8},"end":{"line":188,"column":8}},{"start":{"line":188,"column":8},"end":{"line":188,"column":8}}]},"9":{"line":199,"type":"if","locations":[{"start":{"line":199,"column":8},"end":{"line":199,"column":8}},{"start":{"line":199,"column":8},"end":{"line":199,"column":8}}]},"10":{"line":204,"type":"if","locations":[{"start":{"line":204,"column":8},"end":{"line":204,"column":8}},{"start":{"line":204,"column":8},"end":{"line":204,"column":8}}]},"11":{"line":215,"type":"if","locations":[{"start":{"line":215,"column":8},"end":{"line":215,"column":8}},{"start":{"line":215,"column":8},"end":{"line":215,"column":8}}]},"12":{"line":218,"type":"if","locations":[{"start":{"line":218,"column":8},"end":{"line":218,"column":8}},{"start":{"line":218,"column":8},"end":{"line":218,"column":8}}]},"13":{"line":238,"type":"if","locations":[{"start":{"line":238,"column":8},"end":{"line":238,"column":8}},{"start":{"line":238,"column":8},"end":{"line":238,"column":8}}]},"14":{"line":240,"type":"if","locations":[{"start":{"line":240,"column":8},"end":{"line":240,"column":8}},{"start":{"line":240,"column":8},"end":{"line":240,"column":8}}]},"15":{"line":242,"type":"if","locations":[{"start":{"line":242,"column":15},"end":{"line":242,"column":15}},{"start":{"line":242,"column":15},"end":{"line":242,"column":15}}]},"16":{"line":244,"type":"if","locations":[{"start":{"line":244,"column":15},"end":{"line":244,"column":15}},{"start":{"line":244,"column":15},"end":{"line":244,"column":15}}]},"17":{"line":246,"type":"if","locations":[{"start":{"line":246,"column":15},"end":{"line":246,"column":15}},{"start":{"line":246,"column":15},"end":{"line":246,"column":15}}]},"18":{"line":248,"type":"if","locations":[{"start":{"line":248,"column":15},"end":{"line":248,"column":15}},{"start":{"line":248,"column":15},"end":{"line":248,"column":15}}]},"19":{"line":250,"type":"if","locations":[{"start":{"line":250,"column":15},"end":{"line":250,"column":15}},{"start":{"line":250,"column":15},"end":{"line":250,"column":15}}]},"20":{"line":252,"type":"if","locations":[{"start":{"line":252,"column":15},"end":{"line":252,"column":15}},{"start":{"line":252,"column":15},"end":{"line":252,"column":15}}]},"21":{"line":268,"type":"if","locations":[{"start":{"line":268,"column":8},"end":{"line":268,"column":8}},{"start":{"line":268,"column":8},"end":{"line":268,"column":8}}]},"22":{"line":273,"type":"if","locations":[{"start":{"line":273,"column":8},"end":{"line":273,"column":8}},{"start":{"line":273,"column":8},"end":{"line":273,"column":8}}]},"23":{"line":276,"type":"if","locations":[{"start":{"line":276,"column":8},"end":{"line":276,"column":8}},{"start":{"line":276,"column":8},"end":{"line":276,"column":8}}]},"24":{"line":279,"type":"if","locations":[{"start":{"line":279,"column":8},"end":{"line":279,"column":8}},{"start":{"line":279,"column":8},"end":{"line":279,"column":8}}]},"25":{"line":293,"type":"if","locations":[{"start":{"line":293,"column":8},"end":{"line":293,"column":8}},{"start":{"line":293,"column":8},"end":{"line":293,"column":8}}]},"26":{"line":298,"type":"if","locations":[{"start":{"line":298,"column":8},"end":{"line":298,"column":8}},{"start":{"line":298,"column":8},"end":{"line":298,"column":8}}]},"27":{"line":303,"type":"if","locations":[{"start":{"line":303,"column":8},"end":{"line":303,"column":8}},{"start":{"line":303,"column":8},"end":{"line":303,"column":8}}]},"28":{"line":304,"type":"if","locations":[{"start":{"line":304,"column":8},"end":{"line":304,"column":8}},{"start":{"line":304,"column":8},"end":{"line":304,"column":8}}]},"29":{"line":310,"type":"if","locations":[{"start":{"line":310,"column":8},"end":{"line":310,"column":8}},{"start":{"line":310,"column":8},"end":{"line":310,"column":8}}]},"30":{"line":315,"type":"if","locations":[{"start":{"line":315,"column":8},"end":{"line":315,"column":8}},{"start":{"line":315,"column":8},"end":{"line":315,"column":8}}]}}},"contracts/IERC20.sol":{"l":{},"path":"/Users/andygray/workspace/fuel-dao/contracts/IERC20.sol","s":{},"b":{},"f":{},"fnMap":{},"statementMap":{},"branchMap":{}},"contracts/SyncToken.sol":{"l":{"73":0,"74":0,"83":47,"84":47,"85":47,"86":47,"96":47,"108":47,"109":47,"110":0,"112":47,"115":47,"117":47,"118":47,"127":87,"137":0,"138":0,"146":0,"147":0,"156":0,"157":0,"167":44,"168":44,"169":44,"180":67,"181":67,"182":67,"184":67,"185":67,"186":67,"188":67,"191":67,"192":67,"200":67,"213":0,"214":0,"215":0,"216":0,"217":0,"218":0,"219":0,"220":0,"229":0,"230":0,"241":0,"243":0,"244":0,"245":0,"249":0,"250":0,"254":0,"255":0,"258":0,"259":0,"260":0,"261":0,"262":0,"263":0,"264":0,"266":0,"268":0,"271":0,"275":67,"276":67,"277":67,"279":67,"281":67,"285":111,"286":111,"288":111,"289":111,"290":111,"292":111,"296":0,"297":0,"298":0,"299":0,"300":0,"302":0,"306":0,"307":0,"308":0,"309":0,"311":0,"315":178,"316":111,"317":44,"318":44,"319":44,"320":44,"323":111,"324":67,"325":67,"326":67,"327":67,"333":111,"335":111,"336":0,"338":111,"339":111,"342":111,"346":111,"347":111,"351":205,"352":205,"356":178,"357":178,"358":178,"362":222,"363":222,"367":0,"368":0,"369":0},"path":"/Users/andygray/workspace/fuel-dao/contracts/SyncToken.sol","s":{"1":0,"2":47,"3":47,"4":47,"5":47,"6":47,"7":47,"8":47,"9":0,"10":47,"11":47,"12":47,"13":47,"14":87,"15":0,"16":0,"17":0,"18":0,"19":0,"20":0,"21":44,"22":44,"23":44,"24":67,"25":67,"26":67,"27":67,"28":67,"29":67,"30":67,"31":67,"32":67,"33":67,"34":0,"35":0,"36":0,"37":0,"38":0,"39":0,"40":0,"41":0,"42":0,"43":0,"44":0,"45":0,"46":0,"47":0,"48":0,"49":0,"50":0,"51":0,"52":0,"53":0,"54":0,"55":0,"56":0,"57":0,"58":0,"59":0,"60":0,"61":0,"62":0,"63":67,"64":67,"65":67,"66":67,"67":67,"68":111,"69":111,"70":111,"71":111,"72":111,"73":111,"74":0,"75":0,"76":0,"77":0,"78":0,"79":0,"80":0,"81":0,"82":0,"83":0,"84":0,"85":178,"86":111,"87":44,"88":44,"89":44,"90":44,"91":111,"92":67,"93":67,"94":67,"95":67,"96":111,"97":111,"98":0,"99":111,"100":111,"101":111,"102":111,"103":111,"104":205,"105":205,"106":178,"107":178,"108":178,"109":222,"110":222,"111":0,"112":0},"b":{"1":[0,0],"2":[0,47],"3":[67,0],"4":[0,0],"5":[0,0],"6":[0,0],"7":[0,0],"8":[0,0],"9":[0,0],"10":[0,0],"11":[0,0],"12":[0,0],"13":[111,0],"14":[111,0],"15":[0,0],"16":[111,67],"17":[44,67],"18":[67,44],"19":[0,111],"20":[111,0],"21":[205,0],"22":[178,0],"23":[222,0]},"f":{"1":0,"2":47,"3":47,"4":47,"5":87,"6":0,"7":0,"8":0,"9":44,"10":67,"11":67,"12":0,"13":0,"14":0,"15":67,"16":111,"17":0,"18":0,"19":178,"20":111,"21":111,"22":205,"23":178,"24":222,"25":0},"fnMap":{"1":{"name":"onlyMinter","line":72,"loc":{"start":{"line":72,"column":4},"end":{"line":75,"column":4}}},"2":{"name":"constructor","line":82,"loc":{"start":{"line":82,"column":4},"end":{"line":87,"column":4}}},"3":{"name":"allowance","line":95,"loc":{"start":{"line":95,"column":4},"end":{"line":97,"column":4}}},"4":{"name":"approve","line":107,"loc":{"start":{"line":107,"column":4},"end":{"line":119,"column":4}}},"5":{"name":"balanceOf","line":126,"loc":{"start":{"line":126,"column":4},"end":{"line":128,"column":4}}},"6":{"name":"mint","line":136,"loc":{"start":{"line":136,"column":4},"end":{"line":139,"column":4}}},"7":{"name":"burn","line":145,"loc":{"start":{"line":145,"column":4},"end":{"line":148,"column":4}}},"8":{"name":"changeMinter","line":155,"loc":{"start":{"line":155,"column":4},"end":{"line":158,"column":4}}},"9":{"name":"transfer","line":166,"loc":{"start":{"line":166,"column":4},"end":{"line":170,"column":4}}},"10":{"name":"transferFrom","line":179,"loc":{"start":{"line":179,"column":4},"end":{"line":193,"column":4}}},"11":{"name":"delegate","line":199,"loc":{"start":{"line":199,"column":4},"end":{"line":201,"column":4}}},"12":{"name":"delegateBySig","line":212,"loc":{"start":{"line":212,"column":4},"end":{"line":221,"column":4}}},"13":{"name":"getCurrentVotes","line":228,"loc":{"start":{"line":228,"column":4},"end":{"line":231,"column":4}}},"14":{"name":"getPriorVotes","line":240,"loc":{"start":{"line":240,"column":4},"end":{"line":272,"column":4}}},"15":{"name":"_delegate","line":274,"loc":{"start":{"line":274,"column":4},"end":{"line":282,"column":4}}},"16":{"name":"_transferTokens","line":284,"loc":{"start":{"line":284,"column":4},"end":{"line":293,"column":4}}},"17":{"name":"_mintTokens","line":295,"loc":{"start":{"line":295,"column":4},"end":{"line":303,"column":4}}},"18":{"name":"_burnTokens","line":305,"loc":{"start":{"line":305,"column":4},"end":{"line":312,"column":4}}},"19":{"name":"_moveDelegates","line":314,"loc":{"start":{"line":314,"column":4},"end":{"line":330,"column":4}}},"20":{"name":"_writeCheckpoint","line":332,"loc":{"start":{"line":332,"column":4},"end":{"line":343,"column":4}}},"21":{"name":"safe32","line":345,"loc":{"start":{"line":345,"column":4},"end":{"line":348,"column":4}}},"22":{"name":"safe96","line":350,"loc":{"start":{"line":350,"column":4},"end":{"line":353,"column":4}}},"23":{"name":"add96","line":355,"loc":{"start":{"line":355,"column":4},"end":{"line":359,"column":4}}},"24":{"name":"sub96","line":361,"loc":{"start":{"line":361,"column":4},"end":{"line":364,"column":4}}},"25":{"name":"getChainId","line":366,"loc":{"start":{"line":366,"column":4},"end":{"line":370,"column":4}}}},"statementMap":{"1":{"start":{"line":73,"column":8},"end":{"line":73,"column":93}},"2":{"start":{"line":83,"column":8},"end":{"line":83,"column":91}},"3":{"start":{"line":84,"column":8},"end":{"line":84,"column":48}},"4":{"start":{"line":85,"column":8},"end":{"line":85,"column":23}},"5":{"start":{"line":86,"column":8},"end":{"line":86,"column":57}},"6":{"start":{"line":96,"column":8},"end":{"line":96,"column":43}},"7":{"start":{"line":108,"column":8},"end":{"line":108,"column":21}},"8":{"start":{"line":109,"column":8},"end":{"line":109,"column":5696}},"9":{"start":{"line":110,"column":12},"end":{"line":110,"column":30}},"10":{"start":{"line":112,"column":12},"end":{"line":112,"column":83}},"11":{"start":{"line":115,"column":8},"end":{"line":115,"column":47}},"12":{"start":{"line":117,"column":8},"end":{"line":117,"column":50}},"13":{"start":{"line":118,"column":8},"end":{"line":118,"column":19}},"14":{"start":{"line":127,"column":8},"end":{"line":127,"column":32}},"15":{"start":{"line":137,"column":8},"end":{"line":137,"column":84}},"16":{"start":{"line":138,"column":8},"end":{"line":138,"column":31}},"17":{"start":{"line":146,"column":8},"end":{"line":146,"column":84}},"18":{"start":{"line":147,"column":8},"end":{"line":147,"column":38}},"19":{"start":{"line":156,"column":8},"end":{"line":156,"column":23}},"20":{"start":{"line":157,"column":8},"end":{"line":157,"column":31}},"21":{"start":{"line":167,"column":8},"end":{"line":167,"column":88}},"22":{"start":{"line":168,"column":8},"end":{"line":168,"column":47}},"23":{"start":{"line":169,"column":8},"end":{"line":169,"column":19}},"24":{"start":{"line":180,"column":8},"end":{"line":180,"column":36}},"25":{"start":{"line":181,"column":8},"end":{"line":181,"column":58}},"26":{"start":{"line":182,"column":8},"end":{"line":182,"column":87}},"27":{"start":{"line":184,"column":8},"end":{"line":184,"column":8363}},"28":{"start":{"line":185,"column":12},"end":{"line":185,"column":135}},"29":{"start":{"line":186,"column":12},"end":{"line":186,"column":50}},"30":{"start":{"line":188,"column":12},"end":{"line":188,"column":53}},"31":{"start":{"line":191,"column":8},"end":{"line":191,"column":40}},"32":{"start":{"line":192,"column":8},"end":{"line":192,"column":19}},"33":{"start":{"line":200,"column":8},"end":{"line":200,"column":47}},"34":{"start":{"line":213,"column":8},"end":{"line":213,"column":125}},"35":{"start":{"line":214,"column":8},"end":{"line":214,"column":97}},"36":{"start":{"line":215,"column":8},"end":{"line":215,"column":93}},"37":{"start":{"line":216,"column":8},"end":{"line":216,"column":54}},"38":{"start":{"line":217,"column":8},"end":{"line":217,"column":86}},"39":{"start":{"line":218,"column":8},"end":{"line":218,"column":87}},"40":{"start":{"line":219,"column":8},"end":{"line":219,"column":76}},"41":{"start":{"line":220,"column":8},"end":{"line":220,"column":46}},"42":{"start":{"line":229,"column":8},"end":{"line":229,"column":53}},"43":{"start":{"line":230,"column":8},"end":{"line":230,"column":82}},"44":{"start":{"line":241,"column":8},"end":{"line":241,"column":90}},"45":{"start":{"line":243,"column":8},"end":{"line":243,"column":53}},"46":{"start":{"line":244,"column":8},"end":{"line":244,"column":11286}},"47":{"start":{"line":245,"column":12},"end":{"line":245,"column":20}},"48":{"start":{"line":249,"column":8},"end":{"line":249,"column":11395}},"49":{"start":{"line":250,"column":12},"end":{"line":250,"column":63}},"50":{"start":{"line":254,"column":8},"end":{"line":254,"column":11594}},"51":{"start":{"line":255,"column":12},"end":{"line":255,"column":20}},"52":{"start":{"line":258,"column":8},"end":{"line":258,"column":24}},"53":{"start":{"line":259,"column":8},"end":{"line":259,"column":39}},"54":{"start":{"line":260,"column":8},"end":{"line":260,"column":11757}},"55":{"start":{"line":261,"column":12},"end":{"line":261,"column":55}},"56":{"start":{"line":262,"column":12},"end":{"line":262,"column":63}},"57":{"start":{"line":263,"column":12},"end":{"line":263,"column":11946}},"58":{"start":{"line":264,"column":16},"end":{"line":264,"column":31}},"59":{"start":{"line":265,"column":19},"end":{"line":265,"column":12033}},"60":{"start":{"line":266,"column":16},"end":{"line":266,"column":29}},"61":{"start":{"line":268,"column":16},"end":{"line":268,"column":33}},"62":{"start":{"line":271,"column":8},"end":{"line":271,"column":48}},"63":{"start":{"line":275,"column":8},"end":{"line":275,"column":54}},"64":{"start":{"line":276,"column":8},"end":{"line":276,"column":53}},"65":{"start":{"line":277,"column":8},"end":{"line":277,"column":39}},"66":{"start":{"line":279,"column":8},"end":{"line":279,"column":67}},"67":{"start":{"line":281,"column":8},"end":{"line":281,"column":67}},"68":{"start":{"line":285,"column":8},"end":{"line":285,"column":102}},"69":{"start":{"line":286,"column":8},"end":{"line":286,"column":100}},"70":{"start":{"line":288,"column":8},"end":{"line":288,"column":114}},"71":{"start":{"line":289,"column":8},"end":{"line":289,"column":108}},"72":{"start":{"line":290,"column":8},"end":{"line":290,"column":39}},"73":{"start":{"line":292,"column":8},"end":{"line":292,"column":61}},"74":{"start":{"line":296,"column":8},"end":{"line":296,"column":96}},"75":{"start":{"line":297,"column":8},"end":{"line":297,"column":98}},"76":{"start":{"line":298,"column":8},"end":{"line":298,"column":97}},"77":{"start":{"line":299,"column":8},"end":{"line":299,"column":104}},"78":{"start":{"line":300,"column":8},"end":{"line":300,"column":46}},"79":{"start":{"line":302,"column":8},"end":{"line":302,"column":57}},"80":{"start":{"line":306,"column":8},"end":{"line":306,"column":98}},"81":{"start":{"line":307,"column":8},"end":{"line":307,"column":90}},"82":{"start":{"line":308,"column":8},"end":{"line":308,"column":95}},"83":{"start":{"line":309,"column":8},"end":{"line":309,"column":46}},"84":{"start":{"line":311,"column":8},"end":{"line":311,"column":57}},"85":{"start":{"line":315,"column":8},"end":{"line":315,"column":14388}},"86":{"start":{"line":316,"column":12},"end":{"line":316,"column":14442}},"87":{"start":{"line":317,"column":16},"end":{"line":317,"column":57}},"88":{"start":{"line":318,"column":16},"end":{"line":318,"column":95}},"89":{"start":{"line":319,"column":16},"end":{"line":319,"column":108}},"90":{"start":{"line":320,"column":16},"end":{"line":320,"column":72}},"91":{"start":{"line":323,"column":12},"end":{"line":323,"column":14838}},"92":{"start":{"line":324,"column":16},"end":{"line":324,"column":57}},"93":{"start":{"line":325,"column":16},"end":{"line":325,"column":95}},"94":{"start":{"line":326,"column":16},"end":{"line":326,"column":107}},"95":{"start":{"line":327,"column":16},"end":{"line":327,"column":72}},"96":{"start":{"line":333,"column":6},"end":{"line":333,"column":108}},"97":{"start":{"line":335,"column":6},"end":{"line":335,"column":15463}},"98":{"start":{"line":336,"column":10},"end":{"line":336,"column":66}},"99":{"start":{"line":338,"column":10},"end":{"line":338,"column":81}},"100":{"start":{"line":339,"column":10},"end":{"line":339,"column":53}},"101":{"start":{"line":342,"column":6},"end":{"line":342,"column":62}},"102":{"start":{"line":346,"column":8},"end":{"line":346,"column":39}},"103":{"start":{"line":347,"column":8},"end":{"line":347,"column":24}},"104":{"start":{"line":351,"column":8},"end":{"line":351,"column":39}},"105":{"start":{"line":352,"column":8},"end":{"line":352,"column":24}},"106":{"start":{"line":356,"column":8},"end":{"line":356,"column":24}},"107":{"start":{"line":357,"column":8},"end":{"line":357,"column":36}},"108":{"start":{"line":358,"column":8},"end":{"line":358,"column":16}},"109":{"start":{"line":362,"column":8},"end":{"line":362,"column":36}},"110":{"start":{"line":363,"column":8},"end":{"line":363,"column":20}},"111":{"start":{"line":367,"column":8},"end":{"line":367,"column":23}},"112":{"start":{"line":369,"column":8},"end":{"line":369,"column":22}}},"branchMap":{"1":{"line":73,"type":"if","locations":[{"start":{"line":73,"column":8},"end":{"line":73,"column":8}},{"start":{"line":73,"column":8},"end":{"line":73,"column":8}}]},"2":{"line":109,"type":"if","locations":[{"start":{"line":109,"column":8},"end":{"line":109,"column":8}},{"start":{"line":109,"column":8},"end":{"line":109,"column":8}}]},"3":{"line":184,"type":"if","locations":[{"start":{"line":184,"column":8},"end":{"line":184,"column":8}},{"start":{"line":184,"column":8},"end":{"line":184,"column":8}}]},"4":{"line":217,"type":"if","locations":[{"start":{"line":217,"column":8},"end":{"line":217,"column":8}},{"start":{"line":217,"column":8},"end":{"line":217,"column":8}}]},"5":{"line":218,"type":"if","locations":[{"start":{"line":218,"column":8},"end":{"line":218,"column":8}},{"start":{"line":218,"column":8},"end":{"line":218,"column":8}}]},"6":{"line":219,"type":"if","locations":[{"start":{"line":219,"column":8},"end":{"line":219,"column":8}},{"start":{"line":219,"column":8},"end":{"line":219,"column":8}}]},"7":{"line":241,"type":"if","locations":[{"start":{"line":241,"column":8},"end":{"line":241,"column":8}},{"start":{"line":241,"column":8},"end":{"line":241,"column":8}}]},"8":{"line":244,"type":"if","locations":[{"start":{"line":244,"column":8},"end":{"line":244,"column":8}},{"start":{"line":244,"column":8},"end":{"line":244,"column":8}}]},"9":{"line":249,"type":"if","locations":[{"start":{"line":249,"column":8},"end":{"line":249,"column":8}},{"start":{"line":249,"column":8},"end":{"line":249,"column":8}}]},"10":{"line":254,"type":"if","locations":[{"start":{"line":254,"column":8},"end":{"line":254,"column":8}},{"start":{"line":254,"column":8},"end":{"line":254,"column":8}}]},"11":{"line":263,"type":"if","locations":[{"start":{"line":263,"column":12},"end":{"line":263,"column":12}},{"start":{"line":263,"column":12},"end":{"line":263,"column":12}}]},"12":{"line":265,"type":"if","locations":[{"start":{"line":265,"column":19},"end":{"line":265,"column":19}},{"start":{"line":265,"column":19},"end":{"line":265,"column":19}}]},"13":{"line":285,"type":"if","locations":[{"start":{"line":285,"column":8},"end":{"line":285,"column":8}},{"start":{"line":285,"column":8},"end":{"line":285,"column":8}}]},"14":{"line":286,"type":"if","locations":[{"start":{"line":286,"column":8},"end":{"line":286,"column":8}},{"start":{"line":286,"column":8},"end":{"line":286,"column":8}}]},"15":{"line":296,"type":"if","locations":[{"start":{"line":296,"column":8},"end":{"line":296,"column":8}},{"start":{"line":296,"column":8},"end":{"line":296,"column":8}}]},"16":{"line":315,"type":"if","locations":[{"start":{"line":315,"column":8},"end":{"line":315,"column":8}},{"start":{"line":315,"column":8},"end":{"line":315,"column":8}}]},"17":{"line":316,"type":"if","locations":[{"start":{"line":316,"column":12},"end":{"line":316,"column":12}},{"start":{"line":316,"column":12},"end":{"line":316,"column":12}}]},"18":{"line":323,"type":"if","locations":[{"start":{"line":323,"column":12},"end":{"line":323,"column":12}},{"start":{"line":323,"column":12},"end":{"line":323,"column":12}}]},"19":{"line":335,"type":"if","locations":[{"start":{"line":335,"column":6},"end":{"line":335,"column":6}},{"start":{"line":335,"column":6},"end":{"line":335,"column":6}}]},"20":{"line":346,"type":"if","locations":[{"start":{"line":346,"column":8},"end":{"line":346,"column":8}},{"start":{"line":346,"column":8},"end":{"line":346,"column":8}}]},"21":{"line":351,"type":"if","locations":[{"start":{"line":351,"column":8},"end":{"line":351,"column":8}},{"start":{"line":351,"column":8},"end":{"line":351,"column":8}}]},"22":{"line":357,"type":"if","locations":[{"start":{"line":357,"column":8},"end":{"line":357,"column":8}},{"start":{"line":357,"column":8},"end":{"line":357,"column":8}}]},"23":{"line":362,"type":"if","locations":[{"start":{"line":362,"column":8},"end":{"line":362,"column":8}},{"start":{"line":362,"column":8},"end":{"line":362,"column":8}}]}}},"contracts/VestingContract.sol":{"l":{"42":50,"43":48,"44":48,"48":110,"49":110,"50":110,"51":110,"52":110,"60":73,"61":71,"63":69,"64":69,"67":69,"70":67,"73":67,"81":67,"84":67,"86":67,"88":67,"92":55,"97":3,"98":1,"107":10,"111":4,"112":4,"118":16,"119":16,"130":12,"134":21,"135":21,"142":56,"143":56,"145":54,"146":54,"149":44,"152":44,"155":44,"157":44,"159":44,"164":1,"165":1,"167":1,"170":1,"177":1,"180":1,"185":67,"186":67,"187":67,"191":3,"195":66,"196":66,"197":66,"203":63,"205":0,"212":63,"213":31,"214":31,"222":32,"225":32,"228":32,"230":32},"path":"/Users/andygray/workspace/fuel-dao/contracts/VestingContract.sol","s":{"1":50,"2":48,"3":48,"4":110,"5":110,"6":110,"7":110,"8":110,"9":73,"10":71,"11":69,"12":69,"13":69,"14":67,"15":67,"16":67,"17":67,"18":67,"19":67,"20":55,"21":3,"22":1,"23":10,"24":4,"25":4,"26":16,"27":16,"28":12,"29":21,"30":21,"31":56,"32":56,"33":54,"34":54,"35":44,"36":44,"37":44,"38":44,"39":44,"40":1,"41":1,"42":1,"43":1,"44":1,"45":67,"46":67,"47":67,"48":3,"49":66,"50":66,"51":66,"52":63,"53":0,"54":63,"55":31,"56":31,"57":32,"58":32,"59":32,"60":32},"b":{"1":[48,2],"2":[110,0],"3":[110,0],"4":[71,2],"5":[69,2],"6":[69,0],"7":[67,2],"8":[67,0],"9":[1,2],"10":[54,2],"11":[44,10],"12":[44,0],"13":[1,0],"14":[1,0],"15":[67,0],"16":[63,3],"17":[0,63],"18":[31,32]},"f":{"1":50,"2":110,"3":73,"4":55,"5":3,"6":10,"7":4,"8":16,"9":12,"10":21,"11":56,"12":1,"13":67,"14":3,"15":66},"fnMap":{"1":{"name":"constructor","line":41,"loc":{"start":{"line":41,"column":4},"end":{"line":45,"column":4}}},"2":{"name":"createVestingScheduleConfig","line":47,"loc":{"start":{"line":47,"column":4},"end":{"line":57,"column":4}}},"3":{"name":"createVestingSchedule","line":59,"loc":{"start":{"line":59,"column":4},"end":{"line":89,"column":4}}},"4":{"name":"drawDown","line":91,"loc":{"start":{"line":91,"column":4},"end":{"line":93,"column":4}}},"5":{"name":"updateScheduleBeneficiary","line":96,"loc":{"start":{"line":96,"column":4},"end":{"line":99,"column":4}}},"6":{"name":"tokenBalance","line":106,"loc":{"start":{"line":106,"column":4},"end":{"line":108,"column":4}}},"7":{"name":"depositAccountAddress","line":110,"loc":{"start":{"line":110,"column":4},"end":{"line":113,"column":4}}},"8":{"name":"vestingScheduleForBeneficiary","line":115,"loc":{"start":{"line":115,"column":4},"end":{"line":127,"column":4}}},"9":{"name":"availableDrawDownAmount","line":129,"loc":{"start":{"line":129,"column":4},"end":{"line":131,"column":4}}},"10":{"name":"remainingBalance","line":133,"loc":{"start":{"line":133,"column":4},"end":{"line":136,"column":4}}},"11":{"name":"_drawDown","line":141,"loc":{"start":{"line":141,"column":4},"end":{"line":160,"column":4}}},"12":{"name":"_updateScheduleBeneficiary","line":162,"loc":{"start":{"line":162,"column":4},"end":{"line":181,"column":4}}},"13":{"name":"_updateVotingDelegation","line":184,"loc":{"start":{"line":184,"column":4},"end":{"line":188,"column":4}}},"14":{"name":"_getNow","line":190,"loc":{"start":{"line":190,"column":4},"end":{"line":192,"column":4}}},"15":{"name":"_availableDrawDownAmount","line":194,"loc":{"start":{"line":194,"column":4},"end":{"line":231,"column":4}}}},"statementMap":{"1":{"start":{"line":42,"column":8},"end":{"line":42,"column":45}},"2":{"start":{"line":43,"column":8},"end":{"line":43,"column":21}},"3":{"start":{"line":44,"column":8},"end":{"line":44,"column":25}},"4":{"start":{"line":48,"column":8},"end":{"line":48,"column":95}},"5":{"start":{"line":49,"column":8},"end":{"line":49,"column":109}},"6":{"start":{"line":50,"column":8},"end":{"line":50,"column":80}},"7":{"start":{"line":51,"column":8},"end":{"line":51,"column":90}},"8":{"start":{"line":52,"column":8},"end":{"line":52,"column":1872}},"9":{"start":{"line":60,"column":8},"end":{"line":60,"column":113}},"10":{"start":{"line":61,"column":8},"end":{"line":61,"column":93}},"11":{"start":{"line":63,"column":8},"end":{"line":63,"column":88}},"12":{"start":{"line":64,"column":8},"end":{"line":64,"column":121}},"13":{"start":{"line":67,"column":8},"end":{"line":67,"column":127}},"14":{"start":{"line":70,"column":8},"end":{"line":70,"column":117}},"15":{"start":{"line":73,"column":8},"end":{"line":73,"column":3023}},"16":{"start":{"line":81,"column":8},"end":{"line":81,"column":156}},"17":{"start":{"line":84,"column":8},"end":{"line":84,"column":44}},"18":{"start":{"line":86,"column":8},"end":{"line":86,"column":51}},"19":{"start":{"line":88,"column":8},"end":{"line":88,"column":19}},"20":{"start":{"line":92,"column":8},"end":{"line":92,"column":36}},"21":{"start":{"line":97,"column":8},"end":{"line":97,"column":93}},"22":{"start":{"line":98,"column":8},"end":{"line":98,"column":71}},"23":{"start":{"line":107,"column":8},"end":{"line":107,"column":83}},"24":{"start":{"line":111,"column":8},"end":{"line":111,"column":62}},"25":{"start":{"line":112,"column":8},"end":{"line":112,"column":47}},"26":{"start":{"line":118,"column":8},"end":{"line":118,"column":64}},"27":{"start":{"line":119,"column":8},"end":{"line":119,"column":4970}},"28":{"start":{"line":130,"column":8},"end":{"line":130,"column":53}},"29":{"start":{"line":134,"column":8},"end":{"line":134,"column":64}},"30":{"start":{"line":135,"column":8},"end":{"line":135,"column":60}},"31":{"start":{"line":142,"column":8},"end":{"line":142,"column":65}},"32":{"start":{"line":143,"column":8},"end":{"line":143,"column":107}},"33":{"start":{"line":145,"column":8},"end":{"line":145,"column":67}},"34":{"start":{"line":146,"column":8},"end":{"line":146,"column":87}},"35":{"start":{"line":149,"column":8},"end":{"line":149,"column":44}},"36":{"start":{"line":152,"column":8},"end":{"line":152,"column":70}},"37":{"start":{"line":155,"column":8},"end":{"line":155,"column":126}},"38":{"start":{"line":157,"column":8},"end":{"line":157,"column":54}},"39":{"start":{"line":159,"column":8},"end":{"line":159,"column":19}},"40":{"start":{"line":164,"column":8},"end":{"line":164,"column":71}},"41":{"start":{"line":165,"column":8},"end":{"line":165,"column":126}},"42":{"start":{"line":167,"column":8},"end":{"line":167,"column":115}},"43":{"start":{"line":170,"column":8},"end":{"line":170,"column":7092}},"44":{"start":{"line":177,"column":8},"end":{"line":177,"column":89}},"45":{"start":{"line":185,"column":8},"end":{"line":185,"column":63}},"46":{"start":{"line":186,"column":8},"end":{"line":186,"column":121}},"47":{"start":{"line":187,"column":8},"end":{"line":187,"column":65}},"48":{"start":{"line":191,"column":8},"end":{"line":191,"column":30}},"49":{"start":{"line":195,"column":8},"end":{"line":195,"column":64}},"50":{"start":{"line":196,"column":8},"end":{"line":196,"column":96}},"51":{"start":{"line":197,"column":8},"end":{"line":197,"column":116}},"52":{"start":{"line":203,"column":8},"end":{"line":203,"column":8665}},"53":{"start":{"line":205,"column":12},"end":{"line":205,"column":52}},"54":{"start":{"line":212,"column":8},"end":{"line":212,"column":8979}},"55":{"start":{"line":213,"column":12},"end":{"line":213,"column":74}},"56":{"start":{"line":214,"column":12},"end":{"line":214,"column":57}},"57":{"start":{"line":222,"column":8},"end":{"line":222,"column":113}},"58":{"start":{"line":225,"column":8},"end":{"line":225,"column":76}},"59":{"start":{"line":228,"column":8},"end":{"line":228,"column":81}},"60":{"start":{"line":230,"column":8},"end":{"line":230,"column":61}}},"branchMap":{"1":{"line":42,"type":"if","locations":[{"start":{"line":42,"column":8},"end":{"line":42,"column":8}},{"start":{"line":42,"column":8},"end":{"line":42,"column":8}}]},"2":{"line":48,"type":"if","locations":[{"start":{"line":48,"column":8},"end":{"line":48,"column":8}},{"start":{"line":48,"column":8},"end":{"line":48,"column":8}}]},"3":{"line":49,"type":"if","locations":[{"start":{"line":49,"column":8},"end":{"line":49,"column":8}},{"start":{"line":49,"column":8},"end":{"line":49,"column":8}}]},"4":{"line":60,"type":"if","locations":[{"start":{"line":60,"column":8},"end":{"line":60,"column":8}},{"start":{"line":60,"column":8},"end":{"line":60,"column":8}}]},"5":{"line":61,"type":"if","locations":[{"start":{"line":61,"column":8},"end":{"line":61,"column":8}},{"start":{"line":61,"column":8},"end":{"line":61,"column":8}}]},"6":{"line":64,"type":"if","locations":[{"start":{"line":64,"column":8},"end":{"line":64,"column":8}},{"start":{"line":64,"column":8},"end":{"line":64,"column":8}}]},"7":{"line":67,"type":"if","locations":[{"start":{"line":67,"column":8},"end":{"line":67,"column":8}},{"start":{"line":67,"column":8},"end":{"line":67,"column":8}}]},"8":{"line":81,"type":"if","locations":[{"start":{"line":81,"column":8},"end":{"line":81,"column":8}},{"start":{"line":81,"column":8},"end":{"line":81,"column":8}}]},"9":{"line":97,"type":"if","locations":[{"start":{"line":97,"column":8},"end":{"line":97,"column":8}},{"start":{"line":97,"column":8},"end":{"line":97,"column":8}}]},"10":{"line":143,"type":"if","locations":[{"start":{"line":143,"column":8},"end":{"line":143,"column":8}},{"start":{"line":143,"column":8},"end":{"line":143,"column":8}}]},"11":{"line":146,"type":"if","locations":[{"start":{"line":146,"column":8},"end":{"line":146,"column":8}},{"start":{"line":146,"column":8},"end":{"line":146,"column":8}}]},"12":{"line":155,"type":"if","locations":[{"start":{"line":155,"column":8},"end":{"line":155,"column":8}},{"start":{"line":155,"column":8},"end":{"line":155,"column":8}}]},"13":{"line":165,"type":"if","locations":[{"start":{"line":165,"column":8},"end":{"line":165,"column":8}},{"start":{"line":165,"column":8},"end":{"line":165,"column":8}}]},"14":{"line":167,"type":"if","locations":[{"start":{"line":167,"column":8},"end":{"line":167,"column":8}},{"start":{"line":167,"column":8},"end":{"line":167,"column":8}}]},"15":{"line":186,"type":"if","locations":[{"start":{"line":186,"column":8},"end":{"line":186,"column":8}},{"start":{"line":186,"column":8},"end":{"line":186,"column":8}}]},"16":{"line":197,"type":"if","locations":[{"start":{"line":197,"column":8},"end":{"line":197,"column":8}},{"start":{"line":197,"column":8},"end":{"line":197,"column":8}}]},"17":{"line":203,"type":"if","locations":[{"start":{"line":203,"column":8},"end":{"line":203,"column":8}},{"start":{"line":203,"column":8},"end":{"line":203,"column":8}}]},"18":{"line":212,"type":"if","locations":[{"start":{"line":212,"column":8},"end":{"line":212,"column":8}},{"start":{"line":212,"column":8},"end":{"line":212,"column":8}}]}}},"contracts/VestingContractWithFixedTime.sol":{"l":{"17":68,"21":309,"22":308,"24":1},"path":"/Users/andygray/workspace/fuel-dao/contracts/VestingContractWithFixedTime.sol","s":{"1":68,"2":309,"3":308,"4":1},"b":{"1":[308,1]},"f":{"1":47,"2":68,"3":309},"fnMap":{"1":{"name":"constructor","line":12,"loc":{"start":{"line":12,"column":4},"end":{"line":14,"column":4}}},"2":{"name":"fixTime","line":16,"loc":{"start":{"line":16,"column":4},"end":{"line":18,"column":4}}},"3":{"name":"_getNow","line":20,"loc":{"start":{"line":20,"column":4},"end":{"line":25,"column":4}}}},"statementMap":{"1":{"start":{"line":17,"column":8},"end":{"line":17,"column":19}},"2":{"start":{"line":21,"column":8},"end":{"line":21,"column":449}},"3":{"start":{"line":22,"column":12},"end":{"line":22,"column":23}},"4":{"start":{"line":24,"column":8},"end":{"line":24,"column":30}}},"branchMap":{"1":{"line":21,"type":"if","locations":[{"start":{"line":21,"column":8},"end":{"line":21,"column":8}},{"start":{"line":21,"column":8},"end":{"line":21,"column":8}}]}}},"contracts/VestingDepositAccount.sol":{"l":{"12":67,"13":67,"14":67,"18":44,"19":44,"23":1,"24":1,"28":67,"29":67},"path":"/Users/andygray/workspace/fuel-dao/contracts/VestingDepositAccount.sol","s":{"1":67,"2":67,"3":67,"4":44,"5":44,"6":1,"7":1,"8":67,"9":67},"b":{"1":[44,0],"2":[1,0],"3":[67,0]},"f":{"1":67,"2":44,"3":1,"4":67},"fnMap":{"1":{"name":"constructor","line":11,"loc":{"start":{"line":11,"column":4},"end":{"line":15,"column":4}}},"2":{"name":"transferToBeneficiary","line":17,"loc":{"start":{"line":17,"column":4},"end":{"line":20,"column":4}}},"3":{"name":"switchBeneficiary","line":22,"loc":{"start":{"line":22,"column":4},"end":{"line":25,"column":4}}},"4":{"name":"updateVotingDelegation","line":27,"loc":{"start":{"line":27,"column":4},"end":{"line":30,"column":4}}}},"statementMap":{"1":{"start":{"line":12,"column":8},"end":{"line":12,"column":39}},"2":{"start":{"line":13,"column":8},"end":{"line":13,"column":31}},"3":{"start":{"line":14,"column":8},"end":{"line":14,"column":33}},"4":{"start":{"line":18,"column":8},"end":{"line":18,"column":105}},"5":{"start":{"line":19,"column":8},"end":{"line":19,"column":51}},"6":{"start":{"line":23,"column":8},"end":{"line":23,"column":101}},"7":{"start":{"line":24,"column":8},"end":{"line":24,"column":36}},"8":{"start":{"line":28,"column":8},"end":{"line":28,"column":106}},"9":{"start":{"line":29,"column":8},"end":{"line":29,"column":33}}},"branchMap":{"1":{"line":18,"type":"if","locations":[{"start":{"line":18,"column":8},"end":{"line":18,"column":8}},{"start":{"line":18,"column":8},"end":{"line":18,"column":8}}]},"2":{"line":23,"type":"if","locations":[{"start":{"line":23,"column":8},"end":{"line":23,"column":8}},{"start":{"line":23,"column":8},"end":{"line":23,"column":8}}]},"3":{"line":28,"type":"if","locations":[{"start":{"line":28,"column":8},"end":{"line":28,"column":8}},{"start":{"line":28,"column":8},"end":{"line":28,"column":8}}]}}}}