TN:
SF:/Users/andygray/workspace/fuel-dao/contracts/Governor.sol
FN:137,constructor
FN:147,propose
FN:187,queue
FN:198,_queueOrRevert
FN:203,execute
FN:213,cancel
FN:228,getActions
FN:233,getReceipt
FN:237,state
FN:259,castVote
FN:263,castVoteBySig
FN:272,_castVote
FN:292,__acceptAdmin
FN:297,__abdicate
FN:302,__moveGuardianship
FN:308,add256
FN:314,sub256
FN:319,getChainId
FNF:18
FNH:0
FNDA:0,constructor
FNDA:0,propose
FNDA:0,queue
FNDA:0,_queueOrRevert
FNDA:0,execute
FNDA:0,cancel
FNDA:0,getActions
FNDA:0,getReceipt
FNDA:0,state
FNDA:0,castVote
FNDA:0,castVoteBySig
FNDA:0,_castVote
FNDA:0,__acceptAdmin
FNDA:0,__abdicate
FNDA:0,__moveGuardianship
FNDA:0,add256
FNDA:0,sub256
FNDA:0,getChainId
DA:138,0
DA:139,0
DA:140,0
DA:141,0
DA:142,0
DA:143,0
DA:144,0
DA:148,0
DA:149,0
DA:150,0
DA:151,0
DA:153,0
DA:154,0
DA:155,0
DA:156,0
DA:157,0
DA:160,0
DA:161,0
DA:163,0
DA:164,0
DA:180,0
DA:181,0
DA:183,0
DA:184,0
DA:188,0
DA:189,0
DA:190,0
DA:191,0
DA:192,0
DA:194,0
DA:195,0
DA:199,0
DA:200,0
DA:204,0
DA:205,0
DA:206,0
DA:207,0
DA:208,0
DA:210,0
DA:214,0
DA:215,0
DA:217,0
DA:218,0
DA:220,0
DA:221,0
DA:222,0
DA:225,0
DA:229,0
DA:230,0
DA:234,0
DA:238,0
DA:239,0
DA:240,0
DA:241,0
DA:243,0
DA:245,0
DA:247,0
DA:249,0
DA:251,0
DA:253,0
DA:255,0
DA:260,0
DA:264,0
DA:265,0
DA:266,0
DA:267,0
DA:268,0
DA:269,0
DA:273,0
DA:274,0
DA:275,0
DA:276,0
DA:277,0
DA:279,0
DA:280,0
DA:282,0
DA:285,0
DA:286,0
DA:287,0
DA:289,0
DA:293,0
DA:294,0
DA:298,0
DA:299,0
DA:303,0
DA:304,0
DA:305,0
DA:309,0
DA:310,0
DA:311,0
DA:315,0
DA:316,0
DA:320,0
DA:321,0
DA:322,0
LF:95
LH:0
BRDA:148,1,0,0
BRDA:148,1,1,0
BRDA:149,2,0,0
BRDA:149,2,1,0
BRDA:150,3,0,0
BRDA:150,3,1,0
BRDA:151,4,0,0
BRDA:151,4,1,0
BRDA:154,5,0,0
BRDA:154,5,1,0
BRDA:156,6,0,0
BRDA:156,6,1,0
BRDA:157,7,0,0
BRDA:157,7,1,0
BRDA:188,8,0,0
BRDA:188,8,1,0
BRDA:199,9,0,0
BRDA:199,9,1,0
BRDA:204,10,0,0
BRDA:204,10,1,0
BRDA:215,11,0,0
BRDA:215,11,1,0
BRDA:218,12,0,0
BRDA:218,12,1,0
BRDA:238,13,0,0
BRDA:238,13,1,0
BRDA:240,14,0,0
BRDA:240,14,1,0
BRDA:242,15,0,0
BRDA:242,15,1,0
BRDA:244,16,0,0
BRDA:244,16,1,0
BRDA:246,17,0,0
BRDA:246,17,1,0
BRDA:248,18,0,0
BRDA:248,18,1,0
BRDA:250,19,0,0
BRDA:250,19,1,0
BRDA:252,20,0,0
BRDA:252,20,1,0
BRDA:268,21,0,0
BRDA:268,21,1,0
BRDA:273,22,0,0
BRDA:273,22,1,0
BRDA:276,23,0,0
BRDA:276,23,1,0
BRDA:279,24,0,0
BRDA:279,24,1,0
BRDA:293,25,0,0
BRDA:293,25,1,0
BRDA:298,26,0,0
BRDA:298,26,1,0
BRDA:303,27,0,0
BRDA:303,27,1,0
BRDA:304,28,0,0
BRDA:304,28,1,0
BRDA:310,29,0,0
BRDA:310,29,1,0
BRDA:315,30,0,0
BRDA:315,30,1,0
BRF:60
BRH:0
end_of_record
TN:
SF:/Users/andygray/workspace/fuel-dao/contracts/IERC20.sol
FNF:0
FNH:0
LF:0
LH:0
BRF:0
BRH:0
end_of_record
TN:
SF:/Users/andygray/workspace/fuel-dao/contracts/SyncToken.sol
FN:72,onlyMinter
FN:82,constructor
FN:95,allowance
FN:107,approve
FN:126,balanceOf
FN:136,mint
FN:145,burn
FN:155,changeMinter
FN:166,transfer
FN:179,transferFrom
FN:199,delegate
FN:212,delegateBySig
FN:228,getCurrentVotes
FN:240,getPriorVotes
FN:274,_delegate
FN:284,_transferTokens
FN:295,_mintTokens
FN:305,_burnTokens
FN:314,_moveDelegates
FN:332,_writeCheckpoint
FN:345,safe32
FN:350,safe96
FN:355,add96
FN:361,sub96
FN:366,getChainId
FNF:25
FNH:15
FNDA:0,onlyMinter
FNDA:47,constructor
FNDA:47,allowance
FNDA:47,approve
FNDA:87,balanceOf
FNDA:0,mint
FNDA:0,burn
FNDA:0,changeMinter
FNDA:44,transfer
FNDA:67,transferFrom
FNDA:67,delegate
FNDA:0,delegateBySig
FNDA:0,getCurrentVotes
FNDA:0,getPriorVotes
FNDA:67,_delegate
FNDA:111,_transferTokens
FNDA:0,_mintTokens
FNDA:0,_burnTokens
FNDA:178,_moveDelegates
FNDA:111,_writeCheckpoint
FNDA:111,safe32
FNDA:205,safe96
FNDA:178,add96
FNDA:222,sub96
FNDA:0,getChainId
DA:73,0
DA:74,0
DA:83,47
DA:84,47
DA:85,47
DA:86,47
DA:96,47
DA:108,47
DA:109,47
DA:110,0
DA:112,47
DA:115,47
DA:117,47
DA:118,47
DA:127,87
DA:137,0
DA:138,0
DA:146,0
DA:147,0
DA:156,0
DA:157,0
DA:167,44
DA:168,44
DA:169,44
DA:180,67
DA:181,67
DA:182,67
DA:184,67
DA:185,67
DA:186,67
DA:188,67
DA:191,67
DA:192,67
DA:200,67
DA:213,0
DA:214,0
DA:215,0
DA:216,0
DA:217,0
DA:218,0
DA:219,0
DA:220,0
DA:229,0
DA:230,0
DA:241,0
DA:243,0
DA:244,0
DA:245,0
DA:249,0
DA:250,0
DA:254,0
DA:255,0
DA:258,0
DA:259,0
DA:260,0
DA:261,0
DA:262,0
DA:263,0
DA:264,0
DA:266,0
DA:268,0
DA:271,0
DA:275,67
DA:276,67
DA:277,67
DA:279,67
DA:281,67
DA:285,111
DA:286,111
DA:288,111
DA:289,111
DA:290,111
DA:292,111
DA:296,0
DA:297,0
DA:298,0
DA:299,0
DA:300,0
DA:302,0
DA:306,0
DA:307,0
DA:308,0
DA:309,0
DA:311,0
DA:315,178
DA:316,111
DA:317,44
DA:318,44
DA:319,44
DA:320,44
DA:323,111
DA:324,67
DA:325,67
DA:326,67
DA:327,67
DA:333,111
DA:335,111
DA:336,0
DA:338,111
DA:339,111
DA:342,111
DA:346,111
DA:347,111
DA:351,205
DA:352,205
DA:356,178
DA:357,178
DA:358,178
DA:362,222
DA:363,222
DA:367,0
DA:368,0
DA:369,0
LF:113
LH:61
BRDA:73,1,0,0
BRDA:73,1,1,0
BRDA:109,2,0,0
BRDA:109,2,1,47
BRDA:184,3,0,67
BRDA:184,3,1,0
BRDA:217,4,0,0
BRDA:217,4,1,0
BRDA:218,5,0,0
BRDA:218,5,1,0
BRDA:219,6,0,0
BRDA:219,6,1,0
BRDA:241,7,0,0
BRDA:241,7,1,0
BRDA:244,8,0,0
BRDA:244,8,1,0
BRDA:249,9,0,0
BRDA:249,9,1,0
BRDA:254,10,0,0
BRDA:254,10,1,0
BRDA:263,11,0,0
BRDA:263,11,1,0
BRDA:265,12,0,0
BRDA:265,12,1,0
BRDA:285,13,0,111
BRDA:285,13,1,0
BRDA:286,14,0,111
BRDA:286,14,1,0
BRDA:296,15,0,0
BRDA:296,15,1,0
BRDA:315,16,0,111
BRDA:315,16,1,67
BRDA:316,17,0,44
BRDA:316,17,1,67
BRDA:323,18,0,67
BRDA:323,18,1,44
BRDA:335,19,0,0
BRDA:335,19,1,111
BRDA:346,20,0,111
BRDA:346,20,1,0
BRDA:351,21,0,205
BRDA:351,21,1,0
BRDA:357,22,0,178
BRDA:357,22,1,0
BRDA:362,23,0,222
BRDA:362,23,1,0
BRF:46
BRH:15
end_of_record
TN:
SF:/Users/andygray/workspace/fuel-dao/contracts/VestingContract.sol
FN:41,constructor
FN:47,createVestingScheduleConfig
FN:59,createVestingSchedule
FN:91,drawDown
FN:96,updateScheduleBeneficiary
FN:106,tokenBalance
FN:110,depositAccountAddress
FN:115,vestingScheduleForBeneficiary
FN:129,availableDrawDownAmount
FN:133,remainingBalance
FN:141,_drawDown
FN:162,_updateScheduleBeneficiary
FN:184,_updateVotingDelegation
FN:190,_getNow
FN:194,_availableDrawDownAmount
FNF:15
FNH:15
FNDA:50,constructor
FNDA:110,createVestingScheduleConfig
FNDA:73,createVestingSchedule
FNDA:55,drawDown
FNDA:3,updateScheduleBeneficiary
FNDA:10,tokenBalance
FNDA:4,depositAccountAddress
FNDA:16,vestingScheduleForBeneficiary
FNDA:12,availableDrawDownAmount
FNDA:21,remainingBalance
FNDA:56,_drawDown
FNDA:1,_updateScheduleBeneficiary
FNDA:67,_updateVotingDelegation
FNDA:3,_getNow
FNDA:66,_availableDrawDownAmount
DA:42,50
DA:43,48
DA:44,48
DA:48,110
DA:49,110
DA:50,110
DA:51,110
DA:52,110
DA:60,73
DA:61,71
DA:63,69
DA:64,69
DA:67,69
DA:70,67
DA:73,67
DA:81,67
DA:84,67
DA:86,67
DA:88,67
DA:92,55
DA:97,3
DA:98,1
DA:107,10
DA:111,4
DA:112,4
DA:118,16
DA:119,16
DA:130,12
DA:134,21
DA:135,21
DA:142,56
DA:143,56
DA:145,54
DA:146,54
DA:149,44
DA:152,44
DA:155,44
DA:157,44
DA:159,44
DA:164,1
DA:165,1
DA:167,1
DA:170,1
DA:177,1
DA:180,1
DA:185,67
DA:186,67
DA:187,67
DA:191,3
DA:195,66
DA:196,66
DA:197,66
DA:203,63
DA:205,0
DA:212,63
DA:213,31
DA:214,31
DA:222,32
DA:225,32
DA:228,32
DA:230,32
LF:61
LH:60
BRDA:42,1,0,48
BRDA:42,1,1,2
BRDA:48,2,0,110
BRDA:48,2,1,0
BRDA:49,3,0,110
BRDA:49,3,1,0
BRDA:60,4,0,71
BRDA:60,4,1,2
BRDA:61,5,0,69
BRDA:61,5,1,2
BRDA:64,6,0,69
BRDA:64,6,1,0
BRDA:67,7,0,67
BRDA:67,7,1,2
BRDA:81,8,0,67
BRDA:81,8,1,0
BRDA:97,9,0,1
BRDA:97,9,1,2
BRDA:143,10,0,54
BRDA:143,10,1,2
BRDA:146,11,0,44
BRDA:146,11,1,10
BRDA:155,12,0,44
BRDA:155,12,1,0
BRDA:165,13,0,1
BRDA:165,13,1,0
BRDA:167,14,0,1
BRDA:167,14,1,0
BRDA:186,15,0,67
BRDA:186,15,1,0
BRDA:197,16,0,63
BRDA:197,16,1,3
BRDA:203,17,0,0
BRDA:203,17,1,63
BRDA:212,18,0,31
BRDA:212,18,1,32
BRF:36
BRH:27
end_of_record
TN:
SF:/Users/andygray/workspace/fuel-dao/contracts/VestingContractWithFixedTime.sol
FN:12,constructor
FN:16,fixTime
FN:20,_getNow
FNF:3
FNH:3
FNDA:47,constructor
FNDA:68,fixTime
FNDA:309,_getNow
DA:17,68
DA:21,309
DA:22,308
DA:24,1
LF:4
LH:4
BRDA:21,1,0,308
BRDA:21,1,1,1
BRF:2
BRH:2
end_of_record
TN:
SF:/Users/andygray/workspace/fuel-dao/contracts/VestingDepositAccount.sol
FN:11,constructor
FN:17,transferToBeneficiary
FN:22,switchBeneficiary
FN:27,updateVotingDelegation
FNF:4
FNH:4
FNDA:67,constructor
FNDA:44,transferToBeneficiary
FNDA:1,switchBeneficiary
FNDA:67,updateVotingDelegation
DA:12,67
DA:13,67
DA:14,67
DA:18,44
DA:19,44
DA:23,1
DA:24,1
DA:28,67
DA:29,67
LF:9
LH:9
BRDA:18,1,0,44
BRDA:18,1,1,0
BRDA:23,2,0,1
BRDA:23,2,1,0
BRDA:28,3,0,67
BRDA:28,3,1,0
BRF:6
BRH:3
end_of_record
